  [1m[35m (0.2ms)[0m  [1m[34mSELECT sqlite_version(*)[0m
  ↳ bin/rails:4
  [1m[35m (132.3ms)[0m  [1m[35mCREATE TABLE "schema_migrations" ("version" varchar NOT NULL PRIMARY KEY)[0m
  ↳ bin/rails:4
  [1m[35m (123.5ms)[0m  [1m[35mCREATE TABLE "ar_internal_metadata" ("key" varchar NOT NULL PRIMARY KEY, "value" varchar, "created_at" datetime NOT NULL, "updated_at" datetime NOT NULL)[0m
  ↳ bin/rails:4
  [1m[35m (0.3ms)[0m  [1m[34mSELECT "schema_migrations"."version" FROM "schema_migrations" ORDER BY "schema_migrations"."version" ASC[0m
  ↳ bin/rails:4
Migrating to CreateArticles (20180722083407)
  [1m[35m (0.1ms)[0m  [1m[36mbegin transaction[0m
  ↳ bin/rails:4
  [1m[35m (1.4ms)[0m  [1m[35mCREATE TABLE "articles" ("id" integer PRIMARY KEY AUTOINCREMENT NOT NULL, "title" varchar, "body" text, "created_at" datetime NOT NULL, "updated_at" datetime NOT NULL)[0m
  ↳ db/migrate/20180722083407_create_articles.rb:3
  [1m[36mActiveRecord::SchemaMigration Create (0.4ms)[0m  [1m[32mINSERT INTO "schema_migrations" ("version") VALUES (?)[0m  [["version", "20180722083407"]]
  ↳ bin/rails:4
  [1m[35m (132.2ms)[0m  [1m[36mcommit transaction[0m
  ↳ bin/rails:4
Migrating to CreateComments (20180722130940)
  [1m[35m (0.1ms)[0m  [1m[36mbegin transaction[0m
  ↳ bin/rails:4
  [1m[35m (1.2ms)[0m  [1m[35mCREATE TABLE "comments" ("id" integer PRIMARY KEY AUTOINCREMENT NOT NULL, "author_name" varchar, "body" text, "article_id" integer, "created_at" datetime NOT NULL, "updated_at" datetime NOT NULL, CONSTRAINT "fk_rails_3bf61a60d3"
FOREIGN KEY ("article_id")
  REFERENCES "articles" ("id")
)[0m
  ↳ db/migrate/20180722130940_create_comments.rb:3
  [1m[35m (0.2ms)[0m  [1m[35mCREATE  INDEX "index_comments_on_article_id" ON "comments" ("article_id")[0m
  ↳ db/migrate/20180722130940_create_comments.rb:3
  [1m[36mActiveRecord::SchemaMigration Create (0.3ms)[0m  [1m[32mINSERT INTO "schema_migrations" ("version") VALUES (?)[0m  [["version", "20180722130940"]]
  ↳ bin/rails:4
  [1m[35m (135.3ms)[0m  [1m[36mcommit transaction[0m
  ↳ bin/rails:4
Migrating to CreateTags (20180728042652)
  [1m[35m (0.2ms)[0m  [1m[36mbegin transaction[0m
  ↳ bin/rails:4
  [1m[35m (2.6ms)[0m  [1m[35mCREATE TABLE "tags" ("id" integer PRIMARY KEY AUTOINCREMENT NOT NULL, "name" varchar, "created_at" datetime NOT NULL, "updated_at" datetime NOT NULL)[0m
  ↳ db/migrate/20180728042652_create_tags.rb:3
  [1m[36mActiveRecord::SchemaMigration Create (0.4ms)[0m  [1m[32mINSERT INTO "schema_migrations" ("version") VALUES (?)[0m  [["version", "20180728042652"]]
  ↳ bin/rails:4
  [1m[35m (132.8ms)[0m  [1m[36mcommit transaction[0m
  ↳ bin/rails:4
Migrating to CreateTaggings (20180728042726)
  [1m[35m (0.1ms)[0m  [1m[36mbegin transaction[0m
  ↳ bin/rails:4
  [1m[35m (1.4ms)[0m  [1m[35mCREATE TABLE "taggings" ("id" integer PRIMARY KEY AUTOINCREMENT NOT NULL, "tag_id" integer, "article_id" integer, "created_at" datetime NOT NULL, "updated_at" datetime NOT NULL, CONSTRAINT "fk_rails_9fcd2e236b"
FOREIGN KEY ("tag_id")
  REFERENCES "tags" ("id")
, CONSTRAINT "fk_rails_50f62c287b"
FOREIGN KEY ("article_id")
  REFERENCES "articles" ("id")
)[0m
  ↳ db/migrate/20180728042726_create_taggings.rb:3
  [1m[35m (0.2ms)[0m  [1m[35mCREATE  INDEX "index_taggings_on_tag_id" ON "taggings" ("tag_id")[0m
  ↳ db/migrate/20180728042726_create_taggings.rb:3
  [1m[35m (0.2ms)[0m  [1m[35mCREATE  INDEX "index_taggings_on_article_id" ON "taggings" ("article_id")[0m
  ↳ db/migrate/20180728042726_create_taggings.rb:3
  [1m[36mActiveRecord::SchemaMigration Create (0.3ms)[0m  [1m[32mINSERT INTO "schema_migrations" ("version") VALUES (?)[0m  [["version", "20180728042726"]]
  ↳ bin/rails:4
  [1m[35m (145.8ms)[0m  [1m[36mcommit transaction[0m
  ↳ bin/rails:4
  [1m[36mActiveRecord::InternalMetadata Load (0.6ms)[0m  [1m[34mSELECT  "ar_internal_metadata".* FROM "ar_internal_metadata" WHERE "ar_internal_metadata"."key" = ? LIMIT ?[0m  [["key", "environment"], ["LIMIT", 1]]
  ↳ bin/rails:4
  [1m[35m (0.1ms)[0m  [1m[36mbegin transaction[0m
  ↳ bin/rails:4
  [1m[36mActiveRecord::InternalMetadata Create (1.2ms)[0m  [1m[32mINSERT INTO "ar_internal_metadata" ("key", "value", "created_at", "updated_at") VALUES (?, ?, ?, ?)[0m  [["key", "environment"], ["value", "development"], ["created_at", "2022-09-18 12:34:02.074163"], ["updated_at", "2022-09-18 12:34:02.074163"]]
  ↳ bin/rails:4
  [1m[35m (157.7ms)[0m  [1m[36mcommit transaction[0m
  ↳ bin/rails:4
  [1m[35m (0.4ms)[0m  [1m[34mSELECT "schema_migrations"."version" FROM "schema_migrations" ORDER BY "schema_migrations"."version" ASC[0m
  ↳ bin/rails:4
Started GET "/sign-in" for ::1 at 2022-09-18 19:36:40 +0700
  [1m[35m (0.4ms)[0m  [1m[34mSELECT "schema_migrations"."version" FROM "schema_migrations" ORDER BY "schema_migrations"."version" ASC[0m
  ↳ C:/Ruby27-x64/lib/ruby/gems/2.7.0/gems/activerecord-5.2.8.1/lib/active_record/log_subscriber.rb:98
  
ActionController::RoutingError (No route matches [GET] "/sign-in"):
  
actionpack (5.2.8.1) lib/action_dispatch/middleware/debug_exceptions.rb:65:in `call'
web-console (3.7.0) lib/web_console/middleware.rb:135:in `call_app'
web-console (3.7.0) lib/web_console/middleware.rb:30:in `block in call'
web-console (3.7.0) lib/web_console/middleware.rb:20:in `catch'
web-console (3.7.0) lib/web_console/middleware.rb:20:in `call'
actionpack (5.2.8.1) lib/action_dispatch/middleware/show_exceptions.rb:33:in `call'
railties (5.2.8.1) lib/rails/rack/logger.rb:38:in `call_app'
railties (5.2.8.1) lib/rails/rack/logger.rb:26:in `block in call'
activesupport (5.2.8.1) lib/active_support/tagged_logging.rb:71:in `block in tagged'
activesupport (5.2.8.1) lib/active_support/tagged_logging.rb:28:in `tagged'
activesupport (5.2.8.1) lib/active_support/tagged_logging.rb:71:in `tagged'
railties (5.2.8.1) lib/rails/rack/logger.rb:26:in `call'
sprockets-rails (3.4.2) lib/sprockets/rails/quiet_assets.rb:13:in `call'
actionpack (5.2.8.1) lib/action_dispatch/middleware/remote_ip.rb:81:in `call'
actionpack (5.2.8.1) lib/action_dispatch/middleware/request_id.rb:27:in `call'
rack (2.2.4) lib/rack/method_override.rb:24:in `call'
rack (2.2.4) lib/rack/runtime.rb:22:in `call'
activesupport (5.2.8.1) lib/active_support/cache/strategy/local_cache_middleware.rb:29:in `call'
actionpack (5.2.8.1) lib/action_dispatch/middleware/executor.rb:14:in `call'
actionpack (5.2.8.1) lib/action_dispatch/middleware/static.rb:127:in `call'
rack (2.2.4) lib/rack/sendfile.rb:110:in `call'
railties (5.2.8.1) lib/rails/engine.rb:524:in `call'
puma (4.3.12) lib/puma/configuration.rb:228:in `call'
puma (4.3.12) lib/puma/server.rb:727:in `handle_request'
puma (4.3.12) lib/puma/server.rb:476:in `process_client'
puma (4.3.12) lib/puma/server.rb:332:in `block in run'
puma (4.3.12) lib/puma/thread_pool.rb:134:in `block in spawn_thread'
Started GET "/" for ::1 at 2022-09-18 19:36:44 +0700
Processing by ArticlesController#index as HTML
  Rendering articles/index.html.erb within layouts/application
  [1m[36mArticle Load (0.3ms)[0m  [1m[34mSELECT "articles".* FROM "articles"[0m
  ↳ app/views/articles/index.html.erb:4
  Rendered articles/index.html.erb within layouts/application (5.0ms)
Completed 200 OK in 1426ms (Views: 1362.0ms | ActiveRecord: 0.9ms)


Started GET "/articles/new" for ::1 at 2022-09-18 19:36:54 +0700
Processing by ArticlesController#new as HTML
  Rendering articles/new.html.erb within layouts/application
  Rendered articles/_form.html.erb (403.5ms)
  Rendered articles/new.html.erb within layouts/application (428.1ms)
Completed 200 OK in 559ms (Views: 525.5ms | ActiveRecord: 1.1ms)


Started POST "/articles" for ::1 at 2022-09-18 19:38:35 +0700
Processing by ArticlesController#create as HTML
  Parameters: {"utf8"=>"✓", "authenticity_token"=>"nFt3hCCOhVS2oltJsbeN3SF3OLFO9rT1CYcpmnSKq6D2pDkBr/pYF8Dyf+J13N2gQIQ7k0TCFh/1nuyj9IGVzA==", "article"=>{"title"=>"my title", "body"=>"my content", "tag_list"=>"my post my document"}, "commit"=>"Create Article"}
  [1m[36mTag Load (0.4ms)[0m  [1m[34mSELECT  "tags".* FROM "tags" WHERE "tags"."name" = ? LIMIT ?[0m  [["name", "my post my document"], ["LIMIT", 1]]
  ↳ app/models/article.rb:14
  [1m[35m (0.1ms)[0m  [1m[36mbegin transaction[0m
  ↳ app/models/article.rb:14
  [1m[36mTag Create (18.5ms)[0m  [1m[32mINSERT INTO "tags" ("name", "created_at", "updated_at") VALUES (?, ?, ?)[0m  [["name", "my post my document"], ["created_at", "2022-09-18 12:38:35.371720"], ["updated_at", "2022-09-18 12:38:35.371720"]]
  ↳ app/models/article.rb:14
  [1m[35m (164.1ms)[0m  [1m[36mcommit transaction[0m
  ↳ app/models/article.rb:14
  [1m[35m (0.1ms)[0m  [1m[36mbegin transaction[0m
  ↳ app/controllers/articles_controller.rb:20
  [1m[36mArticle Create (1.1ms)[0m  [1m[32mINSERT INTO "articles" ("title", "body", "created_at", "updated_at") VALUES (?, ?, ?, ?)[0m  [["title", "my title"], ["body", "my content"], ["created_at", "2022-09-18 12:38:35.657482"], ["updated_at", "2022-09-18 12:38:35.657482"]]
  ↳ app/controllers/articles_controller.rb:20
  [1m[36mTagging Create (0.3ms)[0m  [1m[32mINSERT INTO "taggings" ("tag_id", "article_id", "created_at", "updated_at") VALUES (?, ?, ?, ?)[0m  [["tag_id", 1], ["article_id", 1], ["created_at", "2022-09-18 12:38:35.662270"], ["updated_at", "2022-09-18 12:38:35.662270"]]
  ↳ app/controllers/articles_controller.rb:20
  [1m[35m (133.2ms)[0m  [1m[36mcommit transaction[0m
  ↳ app/controllers/articles_controller.rb:20
Redirected to http://localhost:3000/articles/1
Completed 302 Found in 472ms (ActiveRecord: 322.6ms)


Started GET "/articles/1" for ::1 at 2022-09-18 19:38:35 +0700
Processing by ArticlesController#show as HTML
  Parameters: {"id"=>"1"}
  [1m[36mArticle Load (0.4ms)[0m  [1m[34mSELECT  "articles".* FROM "articles" WHERE "articles"."id" = ? LIMIT ?[0m  [["id", 1], ["LIMIT", 1]]
  ↳ app/controllers/articles_controller.rb:9
  Rendering articles/show.html.erb within layouts/application
  [1m[36mTag Load (1.0ms)[0m  [1m[34mSELECT "tags".* FROM "tags" INNER JOIN "taggings" ON "tags"."id" = "taggings"."tag_id" WHERE "taggings"."article_id" = ?[0m  [["article_id", 1]]
  ↳ app/views/articles/show.html.erb:4
  [1m[35m (0.3ms)[0m  [1m[34mSELECT COUNT(*) FROM "comments" WHERE "comments"."article_id" = ?[0m  [["article_id", 1]]
  ↳ app/views/articles/show.html.erb:9
  Rendered collection of articles/_comment.html.erb [0 times] (0.0ms)
  Rendered comments/_form.html.erb (11.8ms)
  Rendered articles/show.html.erb within layouts/application (206.8ms)
Completed 200 OK in 428ms (Views: 325.9ms | ActiveRecord: 3.3ms)


Started GET "/articles" for ::1 at 2022-09-18 19:38:39 +0700
Processing by ArticlesController#index as HTML
  Rendering articles/index.html.erb within layouts/application
  [1m[36mArticle Load (0.5ms)[0m  [1m[34mSELECT "articles".* FROM "articles"[0m
  ↳ app/views/articles/index.html.erb:4
  Rendered articles/index.html.erb within layouts/application (4.2ms)
Completed 200 OK in 105ms (Views: 99.9ms | ActiveRecord: 0.5ms)


Started GET "/articles/1" for ::1 at 2022-09-18 19:38:41 +0700
Processing by ArticlesController#show as HTML
  Parameters: {"id"=>"1"}
  [1m[36mArticle Load (0.8ms)[0m  [1m[34mSELECT  "articles".* FROM "articles" WHERE "articles"."id" = ? LIMIT ?[0m  [["id", 1], ["LIMIT", 1]]
  ↳ app/controllers/articles_controller.rb:9
  Rendering articles/show.html.erb within layouts/application
  [1m[36mTag Load (0.3ms)[0m  [1m[34mSELECT "tags".* FROM "tags" INNER JOIN "taggings" ON "tags"."id" = "taggings"."tag_id" WHERE "taggings"."article_id" = ?[0m  [["article_id", 1]]
  ↳ app/views/articles/show.html.erb:4
  [1m[35m (0.3ms)[0m  [1m[34mSELECT COUNT(*) FROM "comments" WHERE "comments"."article_id" = ?[0m  [["article_id", 1]]
  ↳ app/views/articles/show.html.erb:9
  Rendered collection of articles/_comment.html.erb [0 times] (0.0ms)
  Rendered comments/_form.html.erb (3.6ms)
  Rendered articles/show.html.erb within layouts/application (22.6ms)
Completed 200 OK in 132ms (Views: 117.1ms | ActiveRecord: 1.3ms)


Started GET "/tags/1" for ::1 at 2022-09-18 19:38:47 +0700
Processing by TagsController#show as HTML
  Parameters: {"id"=>"1"}
  [1m[36mTag Load (0.3ms)[0m  [1m[34mSELECT  "tags".* FROM "tags" WHERE "tags"."id" = ? LIMIT ?[0m  [["id", 1], ["LIMIT", 1]]
  ↳ app/controllers/tags_controller.rb:8
  Rendering tags/show.html.erb within layouts/application
  [1m[36mArticle Load (0.4ms)[0m  [1m[34mSELECT "articles".* FROM "articles" INNER JOIN "taggings" ON "articles"."id" = "taggings"."article_id" WHERE "taggings"."tag_id" = ?[0m  [["tag_id", 1]]
  ↳ app/views/tags/show.html.erb:4
  Rendered tags/show.html.erb within layouts/application (11.2ms)
Completed 200 OK in 143ms (Views: 116.1ms | ActiveRecord: 0.7ms)


Started GET "/articles/1" for ::1 at 2022-09-18 19:38:48 +0700
Processing by ArticlesController#show as HTML
  Parameters: {"id"=>"1"}
  [1m[36mArticle Load (0.4ms)[0m  [1m[34mSELECT  "articles".* FROM "articles" WHERE "articles"."id" = ? LIMIT ?[0m  [["id", 1], ["LIMIT", 1]]
  ↳ app/controllers/articles_controller.rb:9
  Rendering articles/show.html.erb within layouts/application
  [1m[36mTag Load (0.3ms)[0m  [1m[34mSELECT "tags".* FROM "tags" INNER JOIN "taggings" ON "tags"."id" = "taggings"."tag_id" WHERE "taggings"."article_id" = ?[0m  [["article_id", 1]]
  ↳ app/views/articles/show.html.erb:4
  [1m[35m (0.5ms)[0m  [1m[34mSELECT COUNT(*) FROM "comments" WHERE "comments"."article_id" = ?[0m  [["article_id", 1]]
  ↳ app/views/articles/show.html.erb:9
  Rendered collection of articles/_comment.html.erb [0 times] (0.0ms)
  Rendered comments/_form.html.erb (2.3ms)
  Rendered articles/show.html.erb within layouts/application (21.6ms)
Completed 200 OK in 130ms (Views: 114.6ms | ActiveRecord: 1.2ms)


Started GET "/tags/1" for ::1 at 2022-09-18 19:38:49 +0700
Processing by TagsController#show as HTML
  Parameters: {"id"=>"1"}
  [1m[36mTag Load (0.3ms)[0m  [1m[34mSELECT  "tags".* FROM "tags" WHERE "tags"."id" = ? LIMIT ?[0m  [["id", 1], ["LIMIT", 1]]
  ↳ app/controllers/tags_controller.rb:8
  Rendering tags/show.html.erb within layouts/application
  [1m[36mArticle Load (0.3ms)[0m  [1m[34mSELECT "articles".* FROM "articles" INNER JOIN "taggings" ON "articles"."id" = "taggings"."article_id" WHERE "taggings"."tag_id" = ?[0m  [["tag_id", 1]]
  ↳ app/views/tags/show.html.erb:4
  Rendered tags/show.html.erb within layouts/application (3.9ms)
Completed 200 OK in 104ms (Views: 97.4ms | ActiveRecord: 0.6ms)


Started GET "/articles/1" for ::1 at 2022-09-18 19:38:52 +0700
Processing by ArticlesController#show as HTML
  Parameters: {"id"=>"1"}
  [1m[36mArticle Load (0.8ms)[0m  [1m[34mSELECT  "articles".* FROM "articles" WHERE "articles"."id" = ? LIMIT ?[0m  [["id", 1], ["LIMIT", 1]]
  ↳ app/controllers/articles_controller.rb:9
  Rendering articles/show.html.erb within layouts/application
  [1m[36mTag Load (0.2ms)[0m  [1m[34mSELECT "tags".* FROM "tags" INNER JOIN "taggings" ON "tags"."id" = "taggings"."tag_id" WHERE "taggings"."article_id" = ?[0m  [["article_id", 1]]
  ↳ app/views/articles/show.html.erb:4
  [1m[35m (0.3ms)[0m  [1m[34mSELECT COUNT(*) FROM "comments" WHERE "comments"."article_id" = ?[0m  [["article_id", 1]]
  ↳ app/views/articles/show.html.erb:9
  Rendered collection of articles/_comment.html.erb [0 times] (0.0ms)
  Rendered comments/_form.html.erb (2.0ms)
  Rendered articles/show.html.erb within layouts/application (23.3ms)
Completed 200 OK in 147ms (Views: 130.9ms | ActiveRecord: 1.3ms)


Started POST "/articles/1/comments" for ::1 at 2022-09-18 19:39:16 +0700
Processing by CommentsController#create as HTML
  Parameters: {"utf8"=>"✓", "authenticity_token"=>"JiZlLbxIfDwE6yEKAjNUuBUjPFUEdS2UL7LEMvtYprZrETih2HQVtOwF7uEQ9p2BPuR/Q4MyKff7cHqyqcZG/Q==", "comment"=>{"author_name"=>"ChuanGz", "body"=>"DateTimeNow"}, "commit"=>"Submit", "article_id"=>"1"}
  [1m[35m (0.3ms)[0m  [1m[36mbegin transaction[0m
  ↳ app/controllers/comments_controller.rb:6
  [1m[36mArticle Load (0.2ms)[0m  [1m[34mSELECT  "articles".* FROM "articles" WHERE "articles"."id" = ? LIMIT ?[0m  [["id", 1], ["LIMIT", 1]]
  ↳ app/controllers/comments_controller.rb:6
  [1m[36mComment Create (2.6ms)[0m  [1m[32mINSERT INTO "comments" ("author_name", "body", "article_id", "created_at", "updated_at") VALUES (?, ?, ?, ?, ?)[0m  [["author_name", "ChuanGz"], ["body", "DateTimeNow"], ["article_id", 1], ["created_at", "2022-09-18 12:39:16.511695"], ["updated_at", "2022-09-18 12:39:16.511695"]]
  ↳ app/controllers/comments_controller.rb:6
  [1m[35m (125.5ms)[0m  [1m[36mcommit transaction[0m
  ↳ app/controllers/comments_controller.rb:6
Redirected to http://localhost:3000/articles/1
Completed 302 Found in 214ms (ActiveRecord: 128.7ms)


Started GET "/articles/1" for ::1 at 2022-09-18 19:39:16 +0700
Processing by ArticlesController#show as HTML
  Parameters: {"id"=>"1"}
  [1m[36mArticle Load (0.2ms)[0m  [1m[34mSELECT  "articles".* FROM "articles" WHERE "articles"."id" = ? LIMIT ?[0m  [["id", 1], ["LIMIT", 1]]
  ↳ app/controllers/articles_controller.rb:9
  Rendering articles/show.html.erb within layouts/application
  [1m[36mTag Load (0.3ms)[0m  [1m[34mSELECT "tags".* FROM "tags" INNER JOIN "taggings" ON "tags"."id" = "taggings"."tag_id" WHERE "taggings"."article_id" = ?[0m  [["article_id", 1]]
  ↳ app/views/articles/show.html.erb:4
  [1m[35m (0.4ms)[0m  [1m[34mSELECT COUNT(*) FROM "comments" WHERE "comments"."article_id" = ?[0m  [["article_id", 1]]
  ↳ app/views/articles/show.html.erb:9
  [1m[36mComment Load (0.4ms)[0m  [1m[34mSELECT "comments".* FROM "comments" WHERE "comments"."article_id" = ?[0m  [["article_id", 1]]
  ↳ app/views/articles/show.html.erb:10
  Rendered collection of articles/_comment.html.erb [1 times] (1.2ms)
  Rendered comments/_form.html.erb (2.3ms)
  Rendered articles/show.html.erb within layouts/application (23.9ms)
Completed 200 OK in 163ms (Views: 156.9ms | ActiveRecord: 1.3ms)


Started GET "/articles" for ::1 at 2022-09-18 19:39:24 +0700
Processing by ArticlesController#index as HTML
  Rendering articles/index.html.erb within layouts/application
  [1m[36mArticle Load (0.2ms)[0m  [1m[34mSELECT "articles".* FROM "articles"[0m
  ↳ app/views/articles/index.html.erb:4
  Rendered articles/index.html.erb within layouts/application (3.2ms)
Completed 200 OK in 93ms (Views: 90.0ms | ActiveRecord: 0.2ms)


Started GET "/articles/1" for ::1 at 2022-09-18 19:39:25 +0700
Processing by ArticlesController#show as HTML
  Parameters: {"id"=>"1"}
  [1m[36mArticle Load (0.4ms)[0m  [1m[34mSELECT  "articles".* FROM "articles" WHERE "articles"."id" = ? LIMIT ?[0m  [["id", 1], ["LIMIT", 1]]
  ↳ app/controllers/articles_controller.rb:9
  Rendering articles/show.html.erb within layouts/application
  [1m[36mTag Load (2.2ms)[0m  [1m[34mSELECT "tags".* FROM "tags" INNER JOIN "taggings" ON "tags"."id" = "taggings"."tag_id" WHERE "taggings"."article_id" = ?[0m  [["article_id", 1]]
  ↳ app/views/articles/show.html.erb:4
  [1m[35m (0.5ms)[0m  [1m[34mSELECT COUNT(*) FROM "comments" WHERE "comments"."article_id" = ?[0m  [["article_id", 1]]
  ↳ app/views/articles/show.html.erb:9
  [1m[36mComment Load (0.5ms)[0m  [1m[34mSELECT "comments".* FROM "comments" WHERE "comments"."article_id" = ?[0m  [["article_id", 1]]
  ↳ app/views/articles/show.html.erb:10
  Rendered collection of articles/_comment.html.erb [1 times] (1.0ms)
  Rendered comments/_form.html.erb (3.1ms)
  Rendered articles/show.html.erb within layouts/application (152.5ms)
Completed 200 OK in 300ms (Views: 287.9ms | ActiveRecord: 3.7ms)


Started GET "/articles" for ::1 at 2022-09-18 19:39:33 +0700
Processing by ArticlesController#index as HTML
  Rendering articles/index.html.erb within layouts/application
  [1m[36mArticle Load (0.4ms)[0m  [1m[34mSELECT "articles".* FROM "articles"[0m
  ↳ app/views/articles/index.html.erb:4
  Rendered articles/index.html.erb within layouts/application (4.9ms)
Completed 200 OK in 106ms (Views: 102.4ms | ActiveRecord: 0.4ms)


Started GET "/articles/new" for ::1 at 2022-09-18 19:39:34 +0700
Processing by ArticlesController#new as HTML
  Rendering articles/new.html.erb within layouts/application
  Rendered articles/_form.html.erb (4.7ms)
  Rendered articles/new.html.erb within layouts/application (12.3ms)
Completed 200 OK in 214ms (Views: 210.3ms | ActiveRecord: 0.0ms)


Started POST "/articles" for ::1 at 2022-09-18 19:39:56 +0700
Processing by ArticlesController#create as HTML
  Parameters: {"utf8"=>"✓", "authenticity_token"=>"MsHBCUaQT86iafATXLHnZqLnbBQ4SSqpjTF1skPxgj9YPo+MyeSSjdQ51LiY2rcbwxRvNjJ9iENxKLCLw/q8Uw==", "article"=>{"title"=>"title 2", "body"=>"body2", "tag_list"=>"AMD"}, "commit"=>"Create Article"}
  [1m[36mTag Load (0.3ms)[0m  [1m[34mSELECT  "tags".* FROM "tags" WHERE "tags"."name" = ? LIMIT ?[0m  [["name", "amd"], ["LIMIT", 1]]
  ↳ app/models/article.rb:14
  [1m[35m (0.1ms)[0m  [1m[36mbegin transaction[0m
  ↳ app/models/article.rb:14
  [1m[36mTag Create (1.2ms)[0m  [1m[32mINSERT INTO "tags" ("name", "created_at", "updated_at") VALUES (?, ?, ?)[0m  [["name", "amd"], ["created_at", "2022-09-18 12:39:56.818119"], ["updated_at", "2022-09-18 12:39:56.818119"]]
  ↳ app/models/article.rb:14
  [1m[35m (153.9ms)[0m  [1m[36mcommit transaction[0m
  ↳ app/models/article.rb:14
  [1m[35m (0.1ms)[0m  [1m[36mbegin transaction[0m
  ↳ app/controllers/articles_controller.rb:20
  [1m[36mArticle Create (1.1ms)[0m  [1m[32mINSERT INTO "articles" ("title", "body", "created_at", "updated_at") VALUES (?, ?, ?, ?)[0m  [["title", "title 2"], ["body", "body2"], ["created_at", "2022-09-18 12:39:56.985717"], ["updated_at", "2022-09-18 12:39:56.985717"]]
  ↳ app/controllers/articles_controller.rb:20
  [1m[36mTagging Create (0.3ms)[0m  [1m[32mINSERT INTO "taggings" ("tag_id", "article_id", "created_at", "updated_at") VALUES (?, ?, ?, ?)[0m  [["tag_id", 2], ["article_id", 2], ["created_at", "2022-09-18 12:39:56.991874"], ["updated_at", "2022-09-18 12:39:56.991874"]]
  ↳ app/controllers/articles_controller.rb:20
  [1m[35m (160.6ms)[0m  [1m[36mcommit transaction[0m
  ↳ app/controllers/articles_controller.rb:20
Redirected to http://localhost:3000/articles/2
Completed 302 Found in 371ms (ActiveRecord: 317.7ms)


Started GET "/articles/2" for ::1 at 2022-09-18 19:39:57 +0700
Processing by ArticlesController#show as HTML
  Parameters: {"id"=>"2"}
  [1m[36mArticle Load (0.4ms)[0m  [1m[34mSELECT  "articles".* FROM "articles" WHERE "articles"."id" = ? LIMIT ?[0m  [["id", 2], ["LIMIT", 1]]
  ↳ app/controllers/articles_controller.rb:9
  Rendering articles/show.html.erb within layouts/application
  [1m[36mTag Load (0.3ms)[0m  [1m[34mSELECT "tags".* FROM "tags" INNER JOIN "taggings" ON "tags"."id" = "taggings"."tag_id" WHERE "taggings"."article_id" = ?[0m  [["article_id", 2]]
  ↳ app/views/articles/show.html.erb:4
  [1m[35m (0.5ms)[0m  [1m[34mSELECT COUNT(*) FROM "comments" WHERE "comments"."article_id" = ?[0m  [["article_id", 2]]
  ↳ app/views/articles/show.html.erb:9
  Rendered collection of articles/_comment.html.erb [0 times] (0.0ms)
  Rendered comments/_form.html.erb (1.7ms)
  Rendered articles/show.html.erb within layouts/application (31.2ms)
Completed 200 OK in 129ms (Views: 113.1ms | ActiveRecord: 1.2ms)


Started GET "/articles" for ::1 at 2022-09-18 19:40:01 +0700
Processing by ArticlesController#index as HTML
  Rendering articles/index.html.erb within layouts/application
  [1m[36mArticle Load (0.3ms)[0m  [1m[34mSELECT "articles".* FROM "articles"[0m
  ↳ app/views/articles/index.html.erb:4
  Rendered articles/index.html.erb within layouts/application (17.1ms)
Completed 200 OK in 139ms (Views: 132.7ms | ActiveRecord: 0.3ms)


